\BOOKMARK [1][-]{section.1}{\376\377\000C\000M\000\040\0001\000\040\000-\000\040\0006\000\040\000m\000a\000r\000s\000\040\0002\0000\0002\0003}{}% 1
\BOOKMARK [2][-]{subsection.1.1}{\376\377\000I\000n\000t\000r\000o\000d\000u\000c\000t\000i\000o\000n}{section.1}% 2
\BOOKMARK [2][-]{subsection.1.2}{\376\377\000P\000o\000w\000e\000r\000S\000h\000e\000l\000l}{section.1}% 3
\BOOKMARK [2][-]{subsection.1.3}{\376\377\000P\000o\000w\000e\000r\000S\000h\000e\000l\000l\000\040\000I\000S\000E}{section.1}% 4
\BOOKMARK [1][-]{section.2}{\376\377\000C\000M\000\040\0002\000\040\000-\000\040\0001\0005\000\040\000m\000a\000r\000s\000\040\0002\0000\0002\0003}{}% 5
\BOOKMARK [1][-]{section.3}{\376\377\000T\000D\000\040\0001\000\040\000-\000\040\0001\0000\000\040\000m\000a\000r\000s\000\040\0002\0000\0002\0003}{}% 6
\BOOKMARK [2][-]{subsection.3.1}{\376\377\000Q\000u\000e\000s\000t\000i\000o\000n\000\040\0001}{section.3}% 7
\BOOKMARK [2][-]{subsection.3.2}{\376\377\000Q\000u\000e\000s\000t\000i\000o\000n\000\040\0002}{section.3}% 8
\BOOKMARK [2][-]{subsection.3.3}{\376\377\000E\000x\000e\000r\000c\000i\000c\000e\000\040\0003}{section.3}% 9
\BOOKMARK [2][-]{subsection.3.4}{\376\377\000E\000x\000e\000r\000c\000i\000c\000e\000\040\0004}{section.3}% 10
\BOOKMARK [2][-]{subsection.3.5}{\376\377\000E\000x\000e\000r\000c\000i\000c\000e\000\040\0005}{section.3}% 11
\BOOKMARK [2][-]{subsection.3.6}{\376\377\000E\000x\000e\000r\000c\000i\000c\000e\000\040\0006}{section.3}% 12
\BOOKMARK [2][-]{subsection.3.7}{\376\377\000E\000x\000e\000r\000c\000i\000c\000e\000\040\0007}{section.3}% 13
\BOOKMARK [2][-]{subsection.3.8}{\376\377\000E\000x\000e\000r\000c\000i\000c\000e\000\040\0008}{section.3}% 14
\BOOKMARK [2][-]{subsection.3.9}{\376\377\000E\000x\000e\000r\000c\000i\000c\000e\000\040\0009}{section.3}% 15
\BOOKMARK [1][-]{section.4}{\376\377\000T\000D\000\040\0002\000\040\000-\000\040\0001\0003\000\040\000m\000a\000r\000s\000\040\0002\0000\0002\0003}{}% 16
\BOOKMARK [2][-]{subsection.4.1}{\376\377\000E\000x\000e\000r\000c\000i\000c\000e\000\040\0001}{section.4}% 17
\BOOKMARK [2][-]{subsection.4.2}{\376\377\000E\000x\000e\000r\000c\000i\000c\000e\000\040\0002}{section.4}% 18
\BOOKMARK [2][-]{subsection.4.3}{\376\377\000E\000x\000e\000r\000c\000i\000c\000e\000\040\0003}{section.4}% 19
\BOOKMARK [2][-]{subsection.4.4}{\376\377\000E\000x\000e\000r\000c\000i\000c\000e\000\040\0004}{section.4}% 20
\BOOKMARK [2][-]{subsection.4.5}{\376\377\000E\000x\000e\000r\000c\000i\000c\000e\000\040\0005}{section.4}% 21
\BOOKMARK [1][-]{section.5}{\376\377\000T\000D\000\040\0003\000\040\000-\000\040\0001\0004\000\040\000m\000a\000r\000s\000\040\0002\0000\0002\0003}{}% 22
\BOOKMARK [2][-]{subsection.5.1}{\376\377\000E\000x\000e\000r\000c\000i\000c\000e\000\040\0001}{section.5}% 23
